<?xml version="1.0" encoding="UTF-8"?>
<testsuites name="jest tests" tests="2" failures="0" time="1.301">
  <testsuite name="HelloWorld.vue" errors="0" failures="0" skipped="0" timestamp="2020-01-26T03:40:12" time="0.625" tests="1">
    <testcase classname="HelloWorld.vue renders props.msg when passed" name="HelloWorld.vue renders props.msg when passed" time="0.02">
    </testcase>
  </testsuite>
  <testsuite name="HelloWorld.vue" errors="0" failures="0" skipped="0" timestamp="2020-01-26T03:40:13" time="0.076" tests="1">
    <testcase classname="HelloWorld.vue renders props.msg when passed" name="HelloWorld.vue renders props.msg when passed" time="0.007">
    </testcase>
  </testsuite>
</testsuites>