<?xml version="1.0" encoding="UTF-8"?>
<testsuites name="jest tests" tests="2" failures="0" time="1.392">
  <testsuite name="HelloWorld.vue" errors="0" failures="0" skipped="0" timestamp="2020-01-26T03:34:33" time="0.667" tests="1">
    <testcase classname="HelloWorld.vue renders props.msg when passed" name="HelloWorld.vue renders props.msg when passed" time="0.019">
    </testcase>
  </testsuite>
  <testsuite name="HelloWorld.vue" errors="0" failures="0" skipped="0" timestamp="2020-01-26T03:34:34" time="0.064" tests="1">
    <testcase classname="HelloWorld.vue renders props.msg when passed" name="HelloWorld.vue renders props.msg when passed" time="0.007">
    </testcase>
  </testsuite>
</testsuites>